<?xml version="1.0" encoding="UTF-8"?>
<testsuite xmlns:xsi="http://www.w3.org/2001/XMLSchema-instance" xsi:noNamespaceSchemaLocation="https://maven.apache.org/surefire/maven-surefire-plugin/xsd/surefire-test-report-3.0.xsd" version="3.0" name="TestSuite" time="0.842" tests="10" errors="0" skipped="9" failures="1">
  <properties>
[...]
</properties>
  <testcase name="setUp" classname="testCases.CartPageTest" time="0.372">
    <failure message="Cannot invoke &quot;String.equalsIgnoreCase(String)&quot; because &quot;browserName&quot; is null" type="java.lang.NullPointerException"><![CDATA[java.lang.NullPointerException: Cannot invoke "String.equalsIgnoreCase(String)" because "browserName" is null
	at base.TestBase.initialization(TestBase.java:53)
	at testCases.CartPageTest.setUp(CartPageTest.java:31)
	at java.base/jdk.internal.reflect.DirectMethodHandleAccessor.invoke(DirectMethodHandleAccessor.java:103)
	at java.base/java.lang.reflect.Method.invoke(Method.java:580)
	at org.testng.internal.MethodInvocationHelper.invokeMethod(MethodInvocationHelper.java:124)
	at org.testng.internal.MethodInvocationHelper.invokeMethodConsideringTimeout(MethodInvocationHelper.java:59)
	at org.testng.internal.Invoker.invokeConfigurationMethod(Invoker.java:458)
	at org.testng.internal.Invoker.invokeConfigurations(Invoker.java:222)
	at org.testng.internal.Invoker.invokeConfigurations(Invoker.java:142)
	at org.testng.TestRunner.beforeRun(TestRunner.java:529)
	at org.testng.TestRunner.run(TestRunner.java:497)
	at org.testng.SuiteRunner.runTest(SuiteRunner.java:455)
	at org.testng.SuiteRunner.runSequentially(SuiteRunner.java:450)
	at org.testng.SuiteRunner.privateRun(SuiteRunner.java:415)
	at org.testng.SuiteRunner.run(SuiteRunner.java:364)
	at org.testng.SuiteRunnerWorker.runSuite(SuiteRunnerWorker.java:52)
	at org.testng.SuiteRunnerWorker.run(SuiteRunnerWorker.java:84)
	at org.testng.TestNG.runSuitesSequentially(TestNG.java:1208)
	at org.testng.TestNG.runSuitesLocally(TestNG.java:1137)
	at org.testng.TestNG.runSuites(TestNG.java:1049)
	at org.testng.TestNG.run(TestNG.java:1017)
	at org.apache.maven.surefire.testng.TestNGExecutor.run(TestNGExecutor.java:155)
	at org.apache.maven.surefire.testng.TestNGDirectoryTestSuite.executeMulti(TestNGDirectoryTestSuite.java:169)
	at org.apache.maven.surefire.testng.TestNGDirectoryTestSuite.execute(TestNGDirectoryTestSuite.java:88)
	at org.apache.maven.surefire.testng.TestNGProvider.invoke(TestNGProvider.java:137)
	at org.apache.maven.surefire.booter.ForkedBooter.runSuitesInProcess(ForkedBooter.java:385)
	at org.apache.maven.surefire.booter.ForkedBooter.execute(ForkedBooter.java:162)
	at org.apache.maven.surefire.booter.ForkedBooter.run(ForkedBooter.java:507)
	at org.apache.maven.surefire.booter.ForkedBooter.main(ForkedBooter.java:495)
]]></failure>
    <system-err><![CDATA[java.io.FileNotFoundException: C:\Users\baner\eclipse-workspace\AmazonFramework\src\main\java\config\config.properties (The system cannot find the path specified)
	at java.base/java.io.FileInputStream.open0(Native Method)
	at java.base/java.io.FileInputStream.open(FileInputStream.java:213)
	at java.base/java.io.FileInputStream.<init>(FileInputStream.java:152)
	at java.base/java.io.FileInputStream.<init>(FileInputStream.java:106)
	at base.TestBase.<init>(TestBase.java:40)
	at testCases.CartPageTest.<init>(CartPageTest.java:25)
	at java.base/jdk.internal.reflect.DirectConstructorHandleAccessor.newInstance(DirectConstructorHandleAccessor.java:62)
	at java.base/java.lang.reflect.Constructor.newInstanceWithCaller(Constructor.java:502)
	at java.base/java.lang.reflect.Constructor.newInstance(Constructor.java:486)
	at org.testng.internal.ObjectFactoryImpl.newInstance(ObjectFactoryImpl.java:24)
	at org.testng.internal.ClassHelper.createInstance1(ClassHelper.java:423)
	at org.testng.internal.ClassHelper.createInstance(ClassHelper.java:336)
	at org.testng.internal.ClassImpl.getDefaultInstance(ClassImpl.java:125)
	at org.testng.internal.ClassImpl.getInstances(ClassImpl.java:190)
	at org.testng.TestClass.getInstances(TestClass.java:95)
	at org.testng.TestClass.initTestClassesAndInstances(TestClass.java:81)
	at org.testng.TestClass.init(TestClass.java:73)
	at org.testng.TestClass.<init>(TestClass.java:38)
	at org.testng.TestRunner.initMethods(TestRunner.java:389)
	at org.testng.TestRunner.init(TestRunner.java:271)
	at org.testng.TestRunner.init(TestRunner.java:241)
	at org.testng.TestRunner.<init>(TestRunner.java:167)
	at org.testng.SuiteRunner$DefaultTestRunnerFactory.newTestRunner(SuiteRunner.java:663)
	at org.testng.SuiteRunner.init(SuiteRunner.java:260)
	at org.testng.SuiteRunner.<init>(SuiteRunner.java:198)
	at org.testng.TestNG.createSuiteRunner(TestNG.java:1295)
	at org.testng.TestNG.createSuiteRunners(TestNG.java:1273)
	at org.testng.TestNG.runSuitesLocally(TestNG.java:1128)
	at org.testng.TestNG.runSuites(TestNG.java:1049)
	at org.testng.TestNG.run(TestNG.java:1017)
	at org.apache.maven.surefire.testng.TestNGExecutor.run(TestNGExecutor.java:155)
	at org.apache.maven.surefire.testng.TestNGDirectoryTestSuite.executeMulti(TestNGDirectoryTestSuite.java:169)
	at org.apache.maven.surefire.testng.TestNGDirectoryTestSuite.execute(TestNGDirectoryTestSuite.java:88)
	at org.apache.maven.surefire.testng.TestNGProvider.invoke(TestNGProvider.java:137)
	at org.apache.maven.surefire.booter.ForkedBooter.runSuitesInProcess(ForkedBooter.java:385)
	at org.apache.maven.surefire.booter.ForkedBooter.execute(ForkedBooter.java:162)
	at org.apache.maven.surefire.booter.ForkedBooter.run(ForkedBooter.java:507)
	at org.apache.maven.surefire.booter.ForkedBooter.main(ForkedBooter.java:495)
]]></system-err>
  </testcase>
  <testcase name="addFirstProductTest" classname="testCases.CartPageTest" time="0.0">
    <skipped message="Cannot invoke &quot;String.equalsIgnoreCase(String)&quot; because &quot;browserName&quot; is null"/>
  </testcase>
  <testcase name="addSecondProductTest" classname="testCases.CartPageTest" time="0.0">
    <skipped message="Method CartPageTest.addSecondProductTest()[pri:2, instance:testCases.CartPageTest@7f9fcf7f] depends on not successfully finished methods"/>
  </testcase>
  <testcase name="addThirdProductTest" classname="testCases.CartPageTest" time="0.0">
    <skipped message="Method CartPageTest.addThirdProductTest()[pri:3, instance:testCases.CartPageTest@7f9fcf7f] depends on not successfully finished methods"/>
  </testcase>
  <testcase name="goToCartPageTest" classname="testCases.CartPageTest" time="0.0">
    <skipped message="Method CartPageTest.goToCartPageTest()[pri:4, instance:testCases.CartPageTest@7f9fcf7f] depends on not successfully finished methods"/>
  </testcase>
  <testcase name="getadaptorPriceValueTest" classname="testCases.CartPageTest" time="0.0">
    <skipped message="Cannot invoke &quot;String.equalsIgnoreCase(String)&quot; because &quot;browserName&quot; is null"/>
  </testcase>
  <testcase name="getPhoneCasePriceValueTest" classname="testCases.CartPageTest" time="0.0">
    <skipped message="Cannot invoke &quot;String.equalsIgnoreCase(String)&quot; because &quot;browserName&quot; is null"/>
  </testcase>
  <testcase name="deleteItemPhoneTest" classname="testCases.CartPageTest" time="0.0">
    <skipped message="Cannot invoke &quot;String.equalsIgnoreCase(String)&quot; because &quot;browserName&quot; is null"/>
  </testcase>
  <testcase name="getTotalCartValueTest" classname="testCases.CartPageTest" time="0.0">
    <skipped message="Cannot invoke &quot;String.equalsIgnoreCase(String)&quot; because &quot;browserName&quot; is null"/>
  </testcase>
  <testcase name="cartAmountTotalVerification" classname="testCases.CartPageTest" time="0.0">
    <skipped message="Cannot invoke &quot;String.equalsIgnoreCase(String)&quot; because &quot;browserName&quot; is null"/>
  </testcase>
</testsuite>