<?xml version="1.0" encoding="UTF-8"?>
<!-- Generated by org.testng.reporters.JUnitXMLReporter -->
<testsuite ignored="0" hostname="LAPTOP-F534TMA6" failures="0" tests="9" name="Surefire test" time="0.065" errors="0" timestamp="26 Jan 2025 19:35:42 GMT">
  <testcase classname="testCases.CartPageTest" name="@BeforeTest setUp" time="0.015">
    <failure type="java.lang.NullPointerException" message="Cannot invoke &amp;quot;String.equalsIgnoreCase(String)&amp;quot; because &amp;quot;browserName&amp;quot; is null">
      <![CDATA[java.lang.NullPointerException: Cannot invoke "String.equalsIgnoreCase(String)" because "browserName" is null
at base.TestBase.initialization(TestBase.java:53)
at testCases.CartPageTest.setUp(CartPageTest.java:31)
... Removed 27 stack frames]]>
    </failure>
  </testcase> <!-- @BeforeTest setUp -->
  <testcase classname="testCases.CartPageTest" name="addFirstProductTest" time="0.0">
    <skipped/>
  </testcase> <!-- addFirstProductTest -->
  <testcase classname="testCases.CartPageTest" name="addSecondProductTest" time="0.0">
    <skipped/>
  </testcase> <!-- addSecondProductTest -->
  <testcase classname="testCases.CartPageTest" name="addThirdProductTest" time="0.0">
    <skipped/>
  </testcase> <!-- addThirdProductTest -->
  <testcase classname="testCases.CartPageTest" name="goToCartPageTest" time="0.0">
    <skipped/>
  </testcase> <!-- goToCartPageTest -->
  <testcase classname="testCases.CartPageTest" name="getadaptorPriceValueTest" time="0.0">
    <skipped/>
  </testcase> <!-- getadaptorPriceValueTest -->
  <testcase classname="testCases.CartPageTest" name="getPhoneCasePriceValueTest" time="0.0">
    <skipped/>
  </testcase> <!-- getPhoneCasePriceValueTest -->
  <testcase classname="testCases.CartPageTest" name="deleteItemPhoneTest" time="0.0">
    <skipped/>
  </testcase> <!-- deleteItemPhoneTest -->
  <testcase classname="testCases.CartPageTest" name="getTotalCartValueTest" time="0.0">
    <skipped/>
  </testcase> <!-- getTotalCartValueTest -->
  <testcase classname="testCases.CartPageTest" name="cartAmountTotalVerification" time="0.0">
    <skipped/>
  </testcase> <!-- cartAmountTotalVerification -->
</testsuite> <!-- Surefire test -->
